2023-01-06T15:36:38.6NZ mysqld_safe Logging to '/Library/WebServer/Documents/database/MacBook-Pro-Gennadiy.local.err'.
2023-01-06T15:36:38.6NZ mysqld_safe Starting mysqld daemon with databases from /Library/WebServer/Documents/database
2023-01-06T15:36:38.391753Z 0 [Warning] [MY-010915] [Server] 'NO_ZERO_DATE', 'NO_ZERO_IN_DATE' and 'ERROR_FOR_DIVISION_BY_ZERO' sql modes should be used with strict mode. They will be merged with strict mode in a future release.
2023-01-06T15:36:38.391902Z 0 [Warning] [MY-010918] [Server] 'default_authentication_plugin' is deprecated and will be removed in a future release. Please use authentication_policy instead.
2023-01-06T15:36:38.391930Z 0 [System] [MY-010116] [Server] /usr/local/Cellar/mysql/8.0.31/bin/mysqld (mysqld 8.0.31) starting as process 8854
2023-01-06T15:36:38.395420Z 0 [Warning] [MY-010159] [Server] Setting lower_case_table_names=2 because file system for /Library/WebServer/Documents/database/ is case insensitive
2023-01-06T15:36:38.403425Z 0 [Warning] [MY-010075] [Server] No existing UUID has been found, so we assume that this is the first time that this server has been started. Generating a new UUID: e8f2514c-8dd7-11ed-962f-97bef389d17d.
2023-01-06T15:36:38.406963Z 1 [ERROR] [MY-011011] [Server] Failed to find valid data directory.
2023-01-06T15:36:38.407889Z 0 [ERROR] [MY-010020] [Server] Data Dictionary initialization failed.
2023-01-06T15:36:38.407932Z 0 [ERROR] [MY-010119] [Server] Aborting
2023-01-06T15:36:38.408412Z 0 [System] [MY-010910] [Server] /usr/local/Cellar/mysql/8.0.31/bin/mysqld: Shutdown complete (mysqld 8.0.31)  Homebrew.
2023-01-06T15:36:38.6NZ mysqld_safe mysqld from pid file /Library/WebServer/Documents/database/MacBook-Pro-Gennadiy.local.pid ended
2023-01-06T15:42:38.6NZ mysqld_safe Logging to '/Library/WebServer/Documents/database/MacBook-Pro-Gennadiy.local.err'.
2023-01-06T15:42:38.6NZ mysqld_safe Starting mysqld daemon with databases from /Library/WebServer/Documents/database
2023-01-06T15:42:38.940856Z 0 [Warning] [MY-010915] [Server] 'NO_ZERO_DATE', 'NO_ZERO_IN_DATE' and 'ERROR_FOR_DIVISION_BY_ZERO' sql modes should be used with strict mode. They will be merged with strict mode in a future release.
2023-01-06T15:42:38.940994Z 0 [Warning] [MY-010918] [Server] 'default_authentication_plugin' is deprecated and will be removed in a future release. Please use authentication_policy instead.
2023-01-06T15:42:38.941017Z 0 [System] [MY-010116] [Server] /usr/local/Cellar/mysql/8.0.31/bin/mysqld (mysqld 8.0.31) starting as process 16381
2023-01-06T15:42:38.944740Z 0 [Warning] [MY-010159] [Server] Setting lower_case_table_names=2 because file system for /Library/WebServer/Documents/database/ is case insensitive
2023-01-06T15:42:38.957349Z 1 [ERROR] [MY-011011] [Server] Failed to find valid data directory.
2023-01-06T15:42:38.958292Z 0 [ERROR] [MY-010020] [Server] Data Dictionary initialization failed.
2023-01-06T15:42:38.958567Z 0 [ERROR] [MY-010119] [Server] Aborting
2023-01-06T15:42:38.959042Z 0 [System] [MY-010910] [Server] /usr/local/Cellar/mysql/8.0.31/bin/mysqld: Shutdown complete (mysqld 8.0.31)  Homebrew.
2023-01-06T15:42:38.6NZ mysqld_safe mysqld from pid file /Library/WebServer/Documents/database/MacBook-Pro-Gennadiy.local.pid ended
